[2025-05-29T14:34:34.604Z] ✅ MongoDB Compass connected successfully
[2025-05-29T14:34:34.611Z] 🚀 Server running on port 3001
[2025-05-29T14:34:34.611Z] Open http://localhost:3001 in your browser
[2025-05-29T14:34:37.802Z] GET /api/status 200 - 3ms
[2025-05-29T14:34:46.401Z] GET / 200 - 904ms
[2025-05-29T14:36:38.754Z] OPTIONS /api/medicines/category/Digestive%20Health 204 - 3ms
[2025-05-29T14:36:38.758Z] OPTIONS /api/medicines/category/Digestive%20Health 204 - 1ms
[2025-05-29T14:36:38.770Z] GET /category/Digestive%20Health 404 - 14ms
[2025-05-29T14:36:38.774Z] GET /category/Digestive%20Health 404 - 3ms
[2025-05-29T14:36:44.052Z] GET / 200 - 954ms
[2025-05-29T14:37:08.004Z] GET / 200 - 392ms
[2025-05-29T14:38:08.244Z] OPTIONS /api/medicines 204 - 5ms
[2025-05-29T14:38:08.283Z] OPTIONS /api/users/profile 204 - 1ms
[2025-05-29T14:38:08.293Z] OPTIONS /api/medicines 204 - 1ms
[2025-05-29T14:38:08.301Z] OPTIONS /api/users/profile 204 - 1ms
[2025-05-29T14:38:10.087Z] GET / 304 - 1831ms
[2025-05-29T14:38:10.098Z] GET /profile 304 - 1803ms
[2025-05-29T14:38:10.239Z] GET /profile 304 - 110ms
[2025-05-29T14:38:10.603Z] GET / 304 - 476ms
[2025-05-29T14:38:10.958Z] GET / 304 - 353ms
[2025-05-29T14:38:11.260Z] GET / 304 - 300ms
[2025-05-29T14:38:29.088Z] OPTIONS /api/medicines/category/Cough%20&%20Cold 204 - 1ms
[2025-05-29T14:38:29.089Z] OPTIONS /api/medicines/category/Cough%20&%20Cold 204 - 1ms
[2025-05-29T14:38:29.095Z] GET /category/Cough%20&%20Cold 404 - 6ms
[2025-05-29T14:38:29.097Z] GET /category/Cough%20&%20Cold 404 - 1ms
[2025-05-29T14:38:31.253Z] OPTIONS /api/medicines/category/Pain%20Relief 204 - 1ms
[2025-05-29T14:38:31.256Z] OPTIONS /api/medicines/category/Pain%20Relief 204 - 1ms
[2025-05-29T14:38:31.258Z] GET /category/Pain%20Relief 404 - 3ms
[2025-05-29T14:38:31.261Z] GET /category/Pain%20Relief 404 - 3ms
[2025-05-29T14:38:42.199Z] OPTIONS /api/medicines 204 - 1ms
[2025-05-29T14:38:42.201Z] OPTIONS /api/users/profile 204 - 1ms
[2025-05-29T14:38:42.218Z] OPTIONS /api/medicines 204 - 5ms
[2025-05-29T14:38:42.220Z] OPTIONS /api/users/profile 204 - 1ms
[2025-05-29T14:38:42.824Z] GET / 304 - 598ms
[2025-05-29T14:38:42.837Z] GET /profile 304 - 610ms
[2025-05-29T14:38:43.248Z] GET / 304 - 386ms
[2025-05-29T14:38:43.253Z] GET /profile 304 - 390ms
[2025-05-29T14:39:50.239Z] GET / 200 - 350ms
[2025-05-29T14:43:29.067Z] GET / 200 - 214ms
[2025-05-29T14:48:14.364Z] GET / 200 - 285ms
[2025-05-29T14:48:26.673Z] OPTIONS /api/medicines 204 - 1ms
[2025-05-29T14:48:26.675Z] OPTIONS /api/users/profile 204 - 1ms
[2025-05-29T14:48:26.677Z] OPTIONS /api/medicines 204 - 1ms
[2025-05-29T14:48:26.688Z] OPTIONS /api/users/profile 204 - 4ms
[2025-05-29T14:48:27.209Z] GET / 304 - 531ms
[2025-05-29T14:48:27.225Z] GET /profile 304 - 536ms
[2025-05-29T14:48:27.279Z] GET /profile 304 - 52ms
[2025-05-29T14:48:27.949Z] GET / 304 - 723ms
[2025-05-29T14:48:30.449Z] OPTIONS /api/medicines/category/Allergies 204 - 1ms
[2025-05-29T14:48:30.450Z] OPTIONS /api/medicines/category/Allergies 204 - 1ms
[2025-05-29T14:48:30.457Z] GET /category/Allergies 404 - 7ms
[2025-05-29T14:48:30.461Z] GET /category/Allergies 404 - 3ms
[2025-05-29T14:52:55.112Z] GET / 200 - 320ms
[2025-05-29T14:55:12.254Z] OPTIONS /api/medicines/category/Pain%20Relief 204 - 2ms
[2025-05-29T14:55:12.256Z] OPTIONS /api/medicines/category/Pain%20Relief 204 - 1ms
[2025-05-29T14:55:12.290Z] GET /category/Pain%20Relief 404 - 35ms
[2025-05-29T14:55:12.293Z] GET /category/Pain%20Relief 404 - 2ms
[2025-05-29T14:58:30.373Z] GET /category/Pain%20Relief 404 - 13ms
[2025-05-29T14:58:30.379Z] GET /category/Pain%20Relief 404 - 4ms
[2025-05-29T15:01:36.893Z] OPTIONS /api/users/login 204 - 4ms
[2025-05-29T15:01:37.035Z] POST /login 200 - 139ms
[2025-05-29T15:01:37.040Z] OPTIONS /api/users/profile 204 - 0ms
[2025-05-29T15:01:37.048Z] GET /profile 304 - 7ms
[2025-05-29T15:04:12.781Z] GET /category/Pain%20Relief 404 - 5ms
[2025-05-29T15:04:21.559Z] GET / 200 - 1004ms
[2025-05-29T15:04:36.888Z] GET / 304 - 120ms
[2025-05-29T15:04:36.988Z] GET / 304 - 99ms
[2025-05-29T15:04:37.475Z] GET / 304 - 110ms
[2025-05-29T15:04:37.586Z] GET / 304 - 111ms
[2025-05-29T15:04:48.433Z] GET /category/Digestive%20Health 404 - 4ms
[2025-05-29T15:04:48.435Z] GET /category/Digestive%20Health 404 - 2ms
[2025-05-29T15:05:09.333Z] POST /import-from-assets 200 - 1104ms
[2025-05-29T15:05:23.281Z] GET /category/Allergies 404 - 5ms
[2025-05-29T15:05:23.285Z] GET /category/Allergies 404 - 3ms
[2025-05-29T15:05:33.814Z] OPTIONS /api/users/login 204 - 0ms
[2025-05-29T15:05:33.930Z] POST /login 200 - 115ms
[2025-05-29T15:05:33.935Z] OPTIONS /api/users/profile 204 - 1ms
[2025-05-29T15:05:33.939Z] GET /profile 304 - 3ms
[2025-05-29T15:05:39.445Z] OPTIONS /api/medicines/category/Pain%20Relief 204 - 0ms
[2025-05-29T15:05:39.446Z] OPTIONS /api/medicines/category/Pain%20Relief 204 - 0ms
[2025-05-29T15:05:39.448Z] GET /category/Pain%20Relief 404 - 3ms
[2025-05-29T15:05:39.451Z] GET /category/Pain%20Relief 404 - 2ms
[2025-05-29T15:05:47.730Z] GET / 200 - 320ms
[2025-05-29T15:06:24.256Z] GET /category/Cough%20&%20Cold 404 - 15ms
[2025-05-29T15:06:24.262Z] GET /category/Cough%20&%20Cold 404 - 4ms
[2025-05-29T15:09:44.820Z] GET /category/Allergies 404 - 44ms
[2025-05-29T15:09:44.827Z] GET /category/Allergies 404 - 6ms
[2025-05-29T15:11:16.355Z] GET / 304 - 246ms
[2025-05-29T15:11:16.486Z] GET / 304 - 128ms
[2025-05-29T15:11:19.412Z] GET /category/Pain%20Relief 404 - 4ms
[2025-05-29T15:11:19.416Z] GET /category/Pain%20Relief 404 - 2ms
[2025-05-29T15:11:21.425Z] GET /category/Cough%20&%20Cold 404 - 3ms
[2025-05-29T15:11:21.429Z] GET /category/Cough%20&%20Cold 404 - 3ms
[2025-05-29T15:11:23.249Z] GET /category/Allergies 404 - 4ms
[2025-05-29T15:11:23.252Z] GET /category/Allergies 404 - 2ms
[2025-05-29T15:11:26.510Z] GET /category/Digestive%20Health 404 - 4ms
[2025-05-29T15:11:26.514Z] GET /category/Digestive%20Health 404 - 3ms
[2025-05-29T15:11:28.905Z] GET / 304 - 182ms
[2025-05-29T15:11:29.015Z] GET / 304 - 109ms
[2025-05-29T15:12:05.784Z] GET /category/Pain%20Relief 404 - 6ms
[2025-05-29T15:12:05.787Z] GET /category/Pain%20Relief 404 - 2ms
[2025-05-29T15:12:08.941Z] GET /category/Allergies 404 - 3ms
[2025-05-29T15:12:08.944Z] GET /category/Allergies 404 - 2ms
[2025-05-29T15:17:03.693Z] OPTIONS /api/medicines 204 - 0ms
[2025-05-29T15:17:03.694Z] OPTIONS /api/users/profile 204 - 0ms
[2025-05-29T15:17:03.696Z] OPTIONS /api/medicines 204 - 1ms
[2025-05-29T15:17:03.697Z] OPTIONS /api/users/profile 204 - 0ms
[2025-05-29T15:17:03.917Z] GET / 304 - 221ms
[2025-05-29T15:17:03.927Z] GET /profile 304 - 230ms
[2025-05-29T15:17:04.031Z] GET /profile 304 - 103ms
[2025-05-29T15:17:04.137Z] GET / 304 - 209ms
[2025-05-29T15:17:07.602Z] GET / 304 - 119ms
[2025-05-29T15:17:07.698Z] GET / 304 - 93ms
[2025-05-29T15:17:09.089Z] OPTIONS /api/medicines 204 - 0ms
[2025-05-29T15:17:09.090Z] OPTIONS /api/medicines 204 - 0ms
[2025-05-29T15:17:09.202Z] GET / 304 - 111ms
[2025-05-29T15:17:09.298Z] GET / 304 - 94ms
[2025-05-29T15:17:10.558Z] OPTIONS /api/medicines/category/Pain%20Relief 204 - 1ms
[2025-05-29T15:17:10.559Z] OPTIONS /api/medicines/category/Pain%20Relief 204 - 0ms
[2025-05-29T15:17:10.563Z] GET /category/Pain%20Relief 404 - 5ms
[2025-05-29T15:17:10.565Z] GET /category/Pain%20Relief 404 - 2ms
[2025-05-29T15:17:11.719Z] GET / 304 - 113ms
[2025-05-29T15:17:11.813Z] GET / 304 - 93ms
[2025-05-29T15:17:21.274Z] GET /category/Allergies 404 - 4ms
[2025-05-29T15:17:21.276Z] GET /category/Allergies 404 - 1ms
[2025-05-29T15:17:22.832Z] GET / 304 - 122ms
[2025-05-29T15:17:22.932Z] GET / 304 - 98ms
[2025-05-29T15:18:29.605Z] SIGTERM received. Closing server gracefully...
[2025-05-29T15:18:34.772Z] ✅ MongoDB Compass connected successfully
[2025-05-29T15:18:34.781Z] 🚀 Server running on port 3001
[2025-05-29T15:18:34.781Z] Open http://localhost:3001 in your browser
[2025-05-29T15:18:46.520Z] GET / 304 - 371ms
[2025-05-29T15:18:47.020Z] GET / 304 - 495ms
[2025-05-29T15:18:56.614Z] GET /category/Cough%20&%20Cold 404 - 6ms
[2025-05-29T15:18:56.619Z] GET /category/Cough%20&%20Cold 404 - 4ms
[2025-05-29T15:18:57.981Z] GET / 304 - 223ms
[2025-05-29T15:18:58.108Z] GET / 304 - 123ms
[2025-05-29T15:18:58.869Z] GET / 304 - 123ms
[2025-05-29T15:18:58.969Z] GET / 304 - 100ms
[2025-05-29T15:19:16.989Z] OPTIONS /api/users/login 204 - 1ms
[2025-05-29T15:19:17.111Z] POST /login 200 - 121ms
[2025-05-29T15:19:17.113Z] OPTIONS /api/users/profile 204 - 0ms
[2025-05-29T15:19:17.118Z] GET /profile 304 - 4ms
[2025-05-29T15:19:25.405Z] OPTIONS /api/medicines 204 - 0ms
[2025-05-29T15:19:25.406Z] OPTIONS /api/medicines 204 - 0ms
[2025-05-29T15:19:25.543Z] GET / 304 - 136ms
[2025-05-29T15:19:25.673Z] GET / 304 - 121ms
[2025-05-29T15:36:03.805Z] OPTIONS /api/users/login 204 - 6ms
[2025-05-29T15:36:03.949Z] POST /login 200 - 142ms
[2025-05-29T15:36:03.950Z] OPTIONS /api/users/profile 204 - 0ms
[2025-05-29T15:36:03.960Z] GET /profile 304 - 9ms
[2025-05-29T15:36:33.099Z] OPTIONS /api/users/login 204 - 0ms
[2025-05-29T15:36:33.194Z] POST /login 200 - 94ms
[2025-05-29T15:36:33.197Z] OPTIONS /api/users/profile 204 - 1ms
[2025-05-29T15:36:33.199Z] GET /profile 304 - 2ms
[2025-05-29T15:39:19.699Z] OPTIONS /api/medicines 204 - 1ms
[2025-05-29T15:39:19.700Z] OPTIONS /api/medicines 204 - 1ms
[2025-05-29T15:39:19.924Z] GET / 304 - 91ms
[2025-05-29T15:39:19.942Z] GET / 200 - 242ms
[2025-05-29T15:39:22.204Z] GET / 304 - 140ms
[2025-05-29T15:39:22.350Z] GET / 304 - 145ms
[2025-05-29T15:39:32.069Z] OPTIONS /api/medicines/category/Cough%20&%20Cold 204 - 1ms
[2025-05-29T15:39:32.070Z] OPTIONS /api/medicines/category/Cough%20&%20Cold 204 - 0ms
[2025-05-29T15:39:32.074Z] GET /category/Cough%20&%20Cold 404 - 5ms
[2025-05-29T15:39:32.077Z] GET /category/Cough%20&%20Cold 404 - 2ms
[2025-05-29T15:39:33.706Z] OPTIONS /api/medicines 204 - 0ms
[2025-05-29T15:39:33.707Z] OPTIONS /api/medicines 204 - 0ms
[2025-05-29T15:39:33.845Z] GET / 304 - 135ms
[2025-05-29T15:39:33.945Z] GET / 304 - 98ms
[2025-05-29T15:41:20.301Z] OPTIONS /api/medicines 204 - 1ms
[2025-05-29T15:41:20.304Z] OPTIONS /api/users/profile 204 - 0ms
[2025-05-29T15:41:20.305Z] OPTIONS /api/medicines 204 - 0ms
[2025-05-29T15:41:20.308Z] OPTIONS /api/users/profile 204 - 0ms
[2025-05-29T15:41:20.526Z] GET / 304 - 221ms
[2025-05-29T15:41:20.529Z] GET /profile 304 - 220ms
[2025-05-29T15:41:20.537Z] GET /profile 304 - 2ms
[2025-05-29T15:41:20.650Z] GET / 304 - 115ms
[2025-05-29T15:54:18.489Z] OPTIONS /api/medicines/category/Pain%20Relief 204 - 4ms
[2025-05-29T15:54:18.495Z] OPTIONS /api/medicines/category/Pain%20Relief 204 - 1ms
[2025-05-29T15:54:18.518Z] GET /category/Pain%20Relief 404 - 25ms
[2025-05-29T15:54:18.521Z] GET /category/Pain%20Relief 404 - 2ms
[2025-05-29T15:54:19.770Z] OPTIONS /api/medicines 204 - 0ms
[2025-05-29T15:54:19.771Z] OPTIONS /api/medicines 204 - 1ms
[2025-05-29T15:54:19.910Z] GET / 304 - 136ms
[2025-05-29T15:54:20.020Z] GET / 304 - 108ms
[2025-05-29T15:56:15.778Z] OPTIONS /api/medicines 204 - 1ms
[2025-05-29T15:56:15.778Z] OPTIONS /api/medicines 204 - 0ms
[2025-05-29T15:56:15.933Z] GET / 304 - 152ms
[2025-05-29T15:56:16.077Z] GET / 304 - 142ms
[2025-05-29T18:25:42.420Z] OPTIONS /api/medicines/category/Pain%20Relief 204 - 5ms
[2025-05-29T18:25:42.425Z] OPTIONS /api/medicines/category/Pain%20Relief 204 - 0ms
[2025-05-29T18:25:42.472Z] GET /category/Pain%20Relief 404 - 48ms
[2025-05-29T18:25:42.478Z] GET /category/Pain%20Relief 404 - 5ms
[2025-05-29T18:25:43.530Z] OPTIONS /api/medicines 204 - 0ms
[2025-05-29T18:25:43.532Z] OPTIONS /api/medicines 204 - 1ms
[2025-05-29T18:25:43.891Z] GET / 304 - 88ms
[2025-05-29T18:25:43.897Z] GET / 200 - 364ms
[2025-05-29T18:25:46.053Z] GET / 304 - 124ms
[2025-05-29T18:25:46.156Z] GET / 304 - 102ms
[2025-05-29T18:25:55.573Z] OPTIONS /api/medicines 204 - 1ms
[2025-05-29T18:25:55.574Z] OPTIONS /api/medicines 204 - 0ms
[2025-05-29T18:25:55.697Z] GET / 304 - 122ms
[2025-05-29T18:25:55.795Z] GET / 304 - 97ms
[2025-05-29T18:26:28.630Z] OPTIONS /api/medicines 204 - 1ms
[2025-05-29T18:26:28.632Z] OPTIONS /api/medicines 204 - 1ms
[2025-05-29T18:26:28.763Z] GET / 304 - 130ms
[2025-05-29T18:26:28.863Z] GET / 304 - 98ms
[2025-05-29T18:29:06.090Z] OPTIONS /api/medicines 204 - 1ms
[2025-05-29T18:29:06.091Z] OPTIONS /api/medicines 204 - 0ms
[2025-05-29T18:29:06.222Z] GET / 304 - 130ms
[2025-05-29T18:29:06.333Z] GET / 304 - 110ms
[2025-05-29T18:58:22.064Z] OPTIONS /api/medicines 204 - 5ms
[2025-05-29T18:58:22.068Z] OPTIONS /api/users/profile 204 - 0ms
[2025-05-29T18:58:22.075Z] OPTIONS /api/medicines 204 - 0ms
[2025-05-29T18:58:22.076Z] OPTIONS /api/users/profile 204 - 0ms
[2025-05-29T18:58:22.125Z] GET /profile 304 - 50ms
[2025-05-29T18:58:22.142Z] GET /profile 304 - 15ms
[2025-05-29T18:58:22.328Z] GET / 304 - 262ms
[2025-05-29T18:58:22.514Z] GET / 304 - 184ms
[2025-05-29T19:00:47.537Z] OPTIONS /api/medicines 204 - 2ms
[2025-05-29T19:00:47.541Z] OPTIONS /api/medicines 204 - 1ms
[2025-05-29T19:00:47.713Z] GET / 304 - 173ms
[2025-05-29T19:00:47.823Z] GET / 304 - 109ms
[2025-05-29T19:00:50.826Z] OPTIONS /api/users/profile 204 - 1ms
[2025-05-29T19:00:50.828Z] OPTIONS /api/users/profile 204 - 1ms
[2025-05-29T19:00:50.996Z] GET / 304 - 168ms
[2025-05-29T19:00:50.997Z] GET /profile 304 - 167ms
[2025-05-29T19:00:51.010Z] GET /profile 304 - 11ms
[2025-05-29T19:00:51.176Z] GET / 304 - 178ms
[2025-05-30T20:22:50.729Z] ✅ MongoDB Compass connected successfully
[2025-05-30T20:22:50.734Z] 🚀 Server running on port 3001
[2025-05-30T20:22:50.735Z] Open http://localhost:3001 in your browser
[2025-05-30T20:23:22.280Z] SIGINT received. Closing server gracefully...
